<?xml version="1.0" encoding="UTF-8"?>
<testsuite name="com.sesac.fmmall.FmmallApplicationTests" tests="1" skipped="0" failures="0" errors="0" timestamp="2025-12-08T01:11:02" hostname="DESKTOP-GEHIS4F" time="0.495">
  <properties/>
  <testcase name="contextLoads()" classname="com.sesac.fmmall.FmmallApplicationTests" time="0.495"/>
  <system-out><![CDATA[10:10:56.099 [Test worker] INFO org.springframework.test.context.support.AnnotationConfigContextLoaderUtils -- Could not detect default configuration classes for test class [com.sesac.fmmall.FmmallApplicationTests]: FmmallApplicationTests does not declare any static, non-private, non-final, nested classes annotated with @Configuration.
10:10:56.210 [Test worker] INFO org.springframework.boot.test.context.SpringBootTestContextBootstrapper -- Found @SpringBootConfiguration com.sesac.fmmall.FmmallApplication for test class com.sesac.fmmall.FmmallApplicationTests

  .   ____          _            __ _ _
 /\\ / ___'_ __ _ _(_)_ __  __ _ \ \ \ \
( ( )\___ | '_ | '_| | '_ \/ _` | \ \ \ \
 \\/  ___)| |_)| | | | | || (_| |  ) ) ) )
  '  |____| .__|_| |_|_| |_\__, | / / / /
 =========|_|==============|___/=/_/_/_/

 :: Spring Boot ::                (v3.3.5)

2025-12-08T10:10:56.663+09:00  INFO 19604 --- [    Test worker] c.sesac.fmmall.FmmallApplicationTests    : Starting FmmallApplicationTests using Java 21.0.8 with PID 19604 (started by Admin in D:\lecture\FM_Mall-5-Guys\fmmall)
2025-12-08T10:10:56.665+09:00  INFO 19604 --- [    Test worker] c.sesac.fmmall.FmmallApplicationTests    : No active profile set, falling back to 1 default profile: "default"
2025-12-08T10:10:57.553+09:00  INFO 19604 --- [    Test worker] .s.d.r.c.RepositoryConfigurationDelegate : Bootstrapping Spring Data JPA repositories in DEFAULT mode.
2025-12-08T10:10:57.650+09:00  INFO 19604 --- [    Test worker] .s.d.r.c.RepositoryConfigurationDelegate : Finished Spring Data repository scanning in 89 ms. Found 16 JPA repository interfaces.
2025-12-08T10:10:58.260+09:00  INFO 19604 --- [    Test worker] o.hibernate.jpa.internal.util.LogHelper  : HHH000204: Processing PersistenceUnitInfo [name: default]
2025-12-08T10:10:58.326+09:00  INFO 19604 --- [    Test worker] org.hibernate.Version                    : HHH000412: Hibernate ORM core version 6.5.3.Final
2025-12-08T10:10:58.363+09:00  INFO 19604 --- [    Test worker] o.h.c.internal.RegionFactoryInitiator    : HHH000026: Second-level cache disabled
2025-12-08T10:10:58.693+09:00  INFO 19604 --- [    Test worker] o.s.o.j.p.SpringPersistenceUnitInfo      : No LoadTimeWeaver setup: ignoring JPA class transformer
2025-12-08T10:10:58.725+09:00  INFO 19604 --- [    Test worker] com.zaxxer.hikari.HikariDataSource       : HikariPool-1 - Starting...
2025-12-08T10:10:58.873+09:00  INFO 19604 --- [    Test worker] com.zaxxer.hikari.pool.HikariPool        : HikariPool-1 - Added connection com.mysql.cj.jdbc.ConnectionImpl@45d46254
2025-12-08T10:10:58.875+09:00  INFO 19604 --- [    Test worker] com.zaxxer.hikari.HikariDataSource       : HikariPool-1 - Start completed.
2025-12-08T10:11:00.135+09:00  INFO 19604 --- [    Test worker] o.h.e.t.j.p.i.JtaPlatformInitiator       : HHH000489: No JTA platform available (set 'hibernate.transaction.jta.platform' to enable JTA platform integration)
2025-12-08T10:11:00.191+09:00 DEBUG 19604 --- [    Test worker] org.hibernate.SQL                        : 
    alter table product 
       modify column description TEXT
Hibernate: 
    alter table product 
       modify column description TEXT
2025-12-08T10:11:00.211+09:00 DEBUG 19604 --- [    Test worker] org.hibernate.SQL                        : 
    alter table product 
       modify column product_status enum ('DISCOUNT','LOW_STOCK','ON_SALE') not null
Hibernate: 
    alter table product 
       modify column product_status enum ('DISCOUNT','LOW_STOCK','ON_SALE') not null
2025-12-08T10:11:00.228+09:00 DEBUG 19604 --- [    Test worker] org.hibernate.SQL                        : 
    alter table refund 
       modify column refund_type enum ('FULL','PARTIAL') not null
Hibernate: 
    alter table refund 
       modify column refund_type enum ('FULL','PARTIAL') not null
2025-12-08T10:11:00.239+09:00 DEBUG 19604 --- [    Test worker] org.hibernate.SQL                        : 
    alter table refund_item 
       modify column refund_status enum ('APPROVED','COMPLETED','REJECTED','REQUESTED') not null
Hibernate: 
    alter table refund_item 
       modify column refund_status enum ('APPROVED','COMPLETED','REJECTED','REQUESTED') not null
2025-12-08T10:11:00.400+09:00  INFO 19604 --- [    Test worker] j.LocalContainerEntityManagerFactoryBean : Initialized JPA EntityManagerFactory for persistence unit 'default'
2025-12-08T10:11:01.292+09:00  INFO 19604 --- [    Test worker] r$InitializeUserDetailsManagerConfigurer : Global AuthenticationManager configured with UserDetailsService bean with name customUserDetailsService
2025-12-08T10:11:02.139+09:00  INFO 19604 --- [    Test worker] c.sesac.fmmall.FmmallApplicationTests    : Started FmmallApplicationTests in 5.763 seconds (process running for 7.024)
]]></system-out>
  <system-err><![CDATA[WARNING: A Java agent has been loaded dynamically (C:\Users\Admin\.gradle\caches\modules-2\files-2.1\net.bytebuddy\byte-buddy-agent\1.14.19\154da3a65b4f4a909d3e5bdec55d1b2b4cbb6ce1\byte-buddy-agent-1.14.19.jar)
WARNING: If a serviceability tool is in use, please run with -XX:+EnableDynamicAgentLoading to hide this warning
WARNING: If a serviceability tool is not in use, please run with -Djdk.instrument.traceUsage for more information
WARNING: Dynamic loading of agents will be disallowed by default in a future release
]]></system-err>
</testsuite>
